2021-03-01T02:38:39+00:00 CRITICAL Uncaught wfAPICallFailedException: The Wordfence scanning servers are currently unavailable. This may be for maintenance or a temporary outage. If this still occurs in an hour, please contact support. [404] in /opt/bitnami/apps/wordpress/htdocs/wp-content/plugins/wordfence/lib/wfAPI.php:155
Stack trace:
#0 /opt/bitnami/apps/wordpress/htdocs/wp-content/plugins/wordfence/lib/wfAPI.php(32): wfAPI->getURL()
#1 /opt/bitnami/apps/wordpress/htdocs/wp-content/plugins/wordfence/lib/wordfenceClass.php(4310): wfAPI->call()
#2 /opt/bitnami/apps/wordpress/htdocs/wp-content/plugins/wordfence/lib/wordfenceClass.php(1447): wordfence::ajax_recordTOUPP_callback()
#3 /opt/bitnami/apps/wordpress/htdocs/wp-includes/class-wp-hook.php(287): wordfence::ajaxReceiver()
#4 /opt/bitnami/apps/wordpress/htdocs/wp-includes/class-wp-hook.php(311): WP_Hook->apply_filters()
#5 /opt/bitnami/apps/wordpress/htdocs/wp-includes/plugin.php(484): WP_Hook->do_action()
#6 /opt/bitnami/apps/wordpress/htdocs/wp-admin/admin-ajax.php(184): do_action()
#7  in /opt/bitnami/apps/wordpress/htdocs/wp-content/plugins/wordfence/lib/wfAPI.php on line 155

2021-03-01T02:55:24+00:00 CRITICAL Uncaught Error: Call to undefined method TB_Advanced_Products_Module::get_expand() in /opt/bitnami/apps/wordpress/htdocs/wp-content/plugins/themify-builder-pro/modules/module-advanced-products.php:39
Stack trace:
#0 /opt/bitnami/apps/wordpress/htdocs/wp-content/themes/themify-ultra/themify/themify-builder/classes/class-themify-builder-model.php(1514): TB_Advanced_Products_Module->get_styling()
#1 /opt/bitnami/apps/wordpress/htdocs/wp-content/themes/themify-ultra/themify/themify-builder/classes/class-themify-builder-model.php(801): Themify_Builder_Model::get_styling_options()
#2 /opt/bitnami/apps/wordpress/htdocs/wp-content/themes/themify-ultra/themify/themify-builder/classes/class-themify-builder.php(515): Themify_Builder_Model::get_modules_localize_settings()
#3 /opt/bitnami/apps/wordpress/htdocs/wp-content/themes/themify-ultra/themify/themify-builder/classes/class-themify-builder.php(1093): Themify_Builder->load_frontend_interface()
#4 /opt/bitnami/apps/wordpress/htdocs/wp-includes/class-wp-hook.php(287): T in /opt/bitnami/apps/wordpress/htdocs/wp-content/plugins/themify-builder-pro/modules/module-advanced-products.php on line 39

2021-03-01T03:08:09+00:00 CRITICAL Uncaught Error: Call to undefined method TB_Advanced_Products_Module::get_expand() in /opt/bitnami/apps/wordpress/htdocs/wp-content/plugins/themify-builder-pro/modules/module-advanced-products.php:39
Stack trace:
#0 /opt/bitnami/apps/wordpress/htdocs/wp-content/themes/themify-ultra/themify/themify-builder/classes/class-themify-builder-model.php(1514): TB_Advanced_Products_Module->get_styling()
#1 /opt/bitnami/apps/wordpress/htdocs/wp-content/themes/themify-ultra/themify/themify-builder/classes/class-themify-builder-model.php(801): Themify_Builder_Model::get_styling_options()
#2 /opt/bitnami/apps/wordpress/htdocs/wp-content/themes/themify-ultra/themify/themify-builder/classes/class-themify-builder.php(515): Themify_Builder_Model::get_modules_localize_settings()
#3 /opt/bitnami/apps/wordpress/htdocs/wp-content/themes/themify-ultra/themify/themify-builder/classes/class-themify-builder.php(1093): Themify_Builder->load_frontend_interface()
#4 /opt/bitnami/apps/wordpress/htdocs/wp-includes/class-wp-hook.php(287): T in /opt/bitnami/apps/wordpress/htdocs/wp-content/plugins/themify-builder-pro/modules/module-advanced-products.php on line 39

2021-03-01T03:34:32+00:00 CRITICAL Uncaught WP2Static\WP2StaticException: Looks like you're trying to activate WP2Static from source code, without compiling it first. Please see https://wp2static.com/compiling-from-source for assistance. in /opt/bitnami/apps/wordpress/htdocs/wp-content/plugins/wp2static-develop/wp2static.php:29
Stack trace:
#0 /opt/bitnami/apps/wordpress/htdocs/wp-admin/includes/plugin.php(670): include_once()
#1 /opt/bitnami/apps/wordpress/htdocs/wp-admin/plugins.php(58): activate_plugin()
#2 {main}
  thrown in /opt/bitnami/apps/wordpress/htdocs/wp-content/plugins/wp2static-develop/wp2static.php on line 29

2021-03-01T03:34:35+00:00 CRITICAL Uncaught WP2Static\WP2StaticException: Looks like you're trying to activate WP2Static from source code, without compiling it first. Please see https://wp2static.com/compiling-from-source for assistance. in /opt/bitnami/apps/wordpress/htdocs/wp-content/plugins/wp2static-develop/wp2static.php:29
Stack trace:
#0 /opt/bitnami/apps/wordpress/htdocs/wp-admin/includes/plugin.php(2299): include()
#1 /opt/bitnami/apps/wordpress/htdocs/wp-admin/plugins.php(191): plugin_sandbox_scrape()
#2 {main}
  thrown in /opt/bitnami/apps/wordpress/htdocs/wp-content/plugins/wp2static-develop/wp2static.php on line 29

2021-03-01T03:34:36+00:00 CRITICAL Uncaught WP2Static\WP2StaticException: Looks like you're trying to activate WP2Static from source code, without compiling it first. Please see https://wp2static.com/compiling-from-source for assistance. in /opt/bitnami/apps/wordpress/htdocs/wp-content/plugins/wp2static-develop/wp2static.php:29
Stack trace:
#0 /opt/bitnami/apps/wordpress/htdocs/wp-admin/includes/plugin.php(2299): include()
#1 /opt/bitnami/apps/wordpress/htdocs/wp-admin/plugins.php(191): plugin_sandbox_scrape()
#2 {main}
  thrown in /opt/bitnami/apps/wordpress/htdocs/wp-content/plugins/wp2static-develop/wp2static.php on line 29

2021-03-01T03:37:19+00:00 CRITICAL Uncaught WP2Static\WP2StaticException: Looks like you're trying to activate WP2Static from source code, without compiling it first. Please see https://wp2static.com/compiling-from-source for assistance. in /opt/bitnami/apps/wordpress/htdocs/wp-content/plugins/wp2static-develop/wp2static.php:29
Stack trace:
#0 /opt/bitnami/apps/wordpress/htdocs/wp-admin/includes/plugin.php(670): include_once()
#1 /opt/bitnami/apps/wordpress/htdocs/wp-admin/plugins.php(58): activate_plugin()
#2 {main}
  thrown in /opt/bitnami/apps/wordpress/htdocs/wp-content/plugins/wp2static-develop/wp2static.php on line 29

2021-03-01T03:37:24+00:00 CRITICAL Uncaught WP2Static\WP2StaticException: Looks like you're trying to activate WP2Static from source code, without compiling it first. Please see https://wp2static.com/compiling-from-source for assistance. in /opt/bitnami/apps/wordpress/htdocs/wp-content/plugins/wp2static-develop/wp2static.php:29
Stack trace:
#0 /opt/bitnami/apps/wordpress/htdocs/wp-admin/includes/plugin.php(2299): include()
#1 /opt/bitnami/apps/wordpress/htdocs/wp-admin/plugins.php(191): plugin_sandbox_scrape()
#2 {main}
  thrown in /opt/bitnami/apps/wordpress/htdocs/wp-content/plugins/wp2static-develop/wp2static.php on line 29

2021-03-01T03:37:24+00:00 CRITICAL Uncaught WP2Static\WP2StaticException: Looks like you're trying to activate WP2Static from source code, without compiling it first. Please see https://wp2static.com/compiling-from-source for assistance. in /opt/bitnami/apps/wordpress/htdocs/wp-content/plugins/wp2static-develop/wp2static.php:29
Stack trace:
#0 /opt/bitnami/apps/wordpress/htdocs/wp-admin/includes/plugin.php(2299): include()
#1 /opt/bitnami/apps/wordpress/htdocs/wp-admin/plugins.php(191): plugin_sandbox_scrape()
#2 {main}
  thrown in /opt/bitnami/apps/wordpress/htdocs/wp-content/plugins/wp2static-develop/wp2static.php on line 29

2021-03-01T04:33:06+00:00 CRITICAL Uncaught Error: Call to undefined method TB_Advanced_Products_Module::get_expand() in /opt/bitnami/apps/wordpress/htdocs/wp-content/plugins/themify-builder-pro/modules/module-advanced-products.php:39
Stack trace:
#0 /opt/bitnami/apps/wordpress/htdocs/wp-content/themes/themify-ultra/themify/themify-builder/classes/class-themify-builder-model.php(1514): TB_Advanced_Products_Module->get_styling()
#1 /opt/bitnami/apps/wordpress/htdocs/wp-content/themes/themify-ultra/themify/themify-builder/classes/class-themify-builder-model.php(801): Themify_Builder_Model::get_styling_options()
#2 /opt/bitnami/apps/wordpress/htdocs/wp-content/themes/themify-ultra/themify/themify-builder/classes/class-themify-builder.php(635): Themify_Builder_Model::get_modules_localize_settings()
#3 /opt/bitnami/apps/wordpress/htdocs/wp-includes/class-wp-hook.php(287): Themify_Builder->load_admin_interface()
#4 /opt/bitnami/apps/wordpress/htdocs/wp-includes/class-wp-hook.php(311): WP_Hook->apply_filters()
#5 /opt/bitnami/apps/wordpress/htdocs/wp in /opt/bitnami/apps/wordpress/htdocs/wp-content/plugins/themify-builder-pro/modules/module-advanced-products.php on line 39

2021-03-01T04:33:48+00:00 CRITICAL Uncaught Error: Call to undefined method TB_Advanced_Products_Module::get_expand() in /opt/bitnami/apps/wordpress/htdocs/wp-content/plugins/themify-builder-pro/modules/module-advanced-products.php:39
Stack trace:
#0 /opt/bitnami/apps/wordpress/htdocs/wp-content/themes/themify-ultra/themify/themify-builder/classes/class-themify-builder-model.php(1514): TB_Advanced_Products_Module->get_styling()
#1 /opt/bitnami/apps/wordpress/htdocs/wp-content/themes/themify-ultra/themify/themify-builder/classes/class-themify-builder-model.php(801): Themify_Builder_Model::get_styling_options()
#2 /opt/bitnami/apps/wordpress/htdocs/wp-content/themes/themify-ultra/themify/themify-builder/classes/class-themify-builder.php(635): Themify_Builder_Model::get_modules_localize_settings()
#3 /opt/bitnami/apps/wordpress/htdocs/wp-includes/class-wp-hook.php(287): Themify_Builder->load_admin_interface()
#4 /opt/bitnami/apps/wordpress/htdocs/wp-includes/class-wp-hook.php(311): WP_Hook->apply_filters()
#5 /opt/bitnami/apps/wordpress/htdocs/wp in /opt/bitnami/apps/wordpress/htdocs/wp-content/plugins/themify-builder-pro/modules/module-advanced-products.php on line 39

2021-03-01T04:34:45+00:00 CRITICAL Uncaught Error: Call to undefined method TB_Advanced_Products_Module::get_expand() in /opt/bitnami/apps/wordpress/htdocs/wp-content/plugins/themify-builder-pro/modules/module-advanced-products.php:39
Stack trace:
#0 /opt/bitnami/apps/wordpress/htdocs/wp-content/themes/themify-ultra/themify/themify-builder/classes/class-themify-builder-model.php(1514): TB_Advanced_Products_Module->get_styling()
#1 /opt/bitnami/apps/wordpress/htdocs/wp-content/themes/themify-ultra/themify/themify-builder/classes/class-themify-builder-model.php(801): Themify_Builder_Model::get_styling_options()
#2 /opt/bitnami/apps/wordpress/htdocs/wp-content/themes/themify-ultra/themify/themify-builder/classes/class-themify-builder.php(635): Themify_Builder_Model::get_modules_localize_settings()
#3 /opt/bitnami/apps/wordpress/htdocs/wp-includes/class-wp-hook.php(287): Themify_Builder->load_admin_interface()
#4 /opt/bitnami/apps/wordpress/htdocs/wp-includes/class-wp-hook.php(311): WP_Hook->apply_filters()
#5 /opt/bitnami/apps/wordpress/htdocs/wp in /opt/bitnami/apps/wordpress/htdocs/wp-content/plugins/themify-builder-pro/modules/module-advanced-products.php on line 39

2021-03-01T04:34:48+00:00 CRITICAL Uncaught Error: Call to undefined method TB_Advanced_Products_Module::get_expand() in /opt/bitnami/apps/wordpress/htdocs/wp-content/plugins/themify-builder-pro/modules/module-advanced-products.php:39
Stack trace:
#0 /opt/bitnami/apps/wordpress/htdocs/wp-content/themes/themify-ultra/themify/themify-builder/classes/class-themify-builder-model.php(1514): TB_Advanced_Products_Module->get_styling()
#1 /opt/bitnami/apps/wordpress/htdocs/wp-content/themes/themify-ultra/themify/themify-builder/classes/class-themify-builder-model.php(801): Themify_Builder_Model::get_styling_options()
#2 /opt/bitnami/apps/wordpress/htdocs/wp-content/themes/themify-ultra/themify/themify-builder/classes/class-themify-builder.php(635): Themify_Builder_Model::get_modules_localize_settings()
#3 /opt/bitnami/apps/wordpress/htdocs/wp-includes/class-wp-hook.php(287): Themify_Builder->load_admin_interface()
#4 /opt/bitnami/apps/wordpress/htdocs/wp-includes/class-wp-hook.php(311): WP_Hook->apply_filters()
#5 /opt/bitnami/apps/wordpress/htdocs/wp in /opt/bitnami/apps/wordpress/htdocs/wp-content/plugins/themify-builder-pro/modules/module-advanced-products.php on line 39

2021-03-01T04:36:08+00:00 CRITICAL Uncaught Error: Call to undefined method TB_Advanced_Products_Module::get_expand() in /opt/bitnami/apps/wordpress/htdocs/wp-content/plugins/themify-builder-pro/modules/module-advanced-products.php:39
Stack trace:
#0 /opt/bitnami/apps/wordpress/htdocs/wp-content/themes/themify-ultra/themify/themify-builder/classes/class-themify-builder-model.php(1514): TB_Advanced_Products_Module->get_styling()
#1 /opt/bitnami/apps/wordpress/htdocs/wp-content/themes/themify-ultra/themify/themify-builder/classes/class-themify-builder-model.php(801): Themify_Builder_Model::get_styling_options()
#2 /opt/bitnami/apps/wordpress/htdocs/wp-content/themes/themify-ultra/themify/themify-builder/classes/class-themify-builder.php(635): Themify_Builder_Model::get_modules_localize_settings()
#3 /opt/bitnami/apps/wordpress/htdocs/wp-includes/class-wp-hook.php(287): Themify_Builder->load_admin_interface()
#4 /opt/bitnami/apps/wordpress/htdocs/wp-includes/class-wp-hook.php(311): WP_Hook->apply_filters()
#5 /opt/bitnami/apps/wordpress/htdocs/wp in /opt/bitnami/apps/wordpress/htdocs/wp-content/plugins/themify-builder-pro/modules/module-advanced-products.php on line 39

2021-03-01T04:36:39+00:00 CRITICAL Uncaught Error: Call to undefined method TB_Advanced_Products_Module::get_expand() in /opt/bitnami/apps/wordpress/htdocs/wp-content/plugins/themify-builder-pro/modules/module-advanced-products.php:39
Stack trace:
#0 /opt/bitnami/apps/wordpress/htdocs/wp-content/themes/themify-ultra/themify/themify-builder/classes/class-themify-builder-model.php(1514): TB_Advanced_Products_Module->get_styling()
#1 /opt/bitnami/apps/wordpress/htdocs/wp-content/themes/themify-ultra/themify/themify-builder/classes/class-themify-builder-model.php(801): Themify_Builder_Model::get_styling_options()
#2 /opt/bitnami/apps/wordpress/htdocs/wp-content/themes/themify-ultra/themify/themify-builder/classes/class-themify-builder.php(635): Themify_Builder_Model::get_modules_localize_settings()
#3 /opt/bitnami/apps/wordpress/htdocs/wp-includes/class-wp-hook.php(287): Themify_Builder->load_admin_interface()
#4 /opt/bitnami/apps/wordpress/htdocs/wp-includes/class-wp-hook.php(311): WP_Hook->apply_filters()
#5 /opt/bitnami/apps/wordpress/htdocs/wp in /opt/bitnami/apps/wordpress/htdocs/wp-content/plugins/themify-builder-pro/modules/module-advanced-products.php on line 39

2021-03-01T05:51:08+00:00 CRITICAL Uncaught Error: Call to undefined method TB_Advanced_Products_Module::get_expand() in /opt/bitnami/apps/wordpress/htdocs/wp-content/plugins/themify-builder-pro/modules/module-advanced-products.php:39
Stack trace:
#0 /opt/bitnami/apps/wordpress/htdocs/wp-content/themes/themify-ultra/themify/themify-builder/classes/class-themify-builder-model.php(1514): TB_Advanced_Products_Module->get_styling()
#1 /opt/bitnami/apps/wordpress/htdocs/wp-content/themes/themify-ultra/themify/themify-builder/classes/class-themify-builder-model.php(801): Themify_Builder_Model::get_styling_options()
#2 /opt/bitnami/apps/wordpress/htdocs/wp-content/themes/themify-ultra/themify/themify-builder/classes/class-themify-builder.php(635): Themify_Builder_Model::get_modules_localize_settings()
#3 /opt/bitnami/apps/wordpress/htdocs/wp-includes/class-wp-hook.php(287): Themify_Builder->load_admin_interface()
#4 /opt/bitnami/apps/wordpress/htdocs/wp-includes/class-wp-hook.php(311): WP_Hook->apply_filters()
#5 /opt/bitnami/apps/wordpress/htdocs/wp in /opt/bitnami/apps/wordpress/htdocs/wp-content/plugins/themify-builder-pro/modules/module-advanced-products.php on line 39

2021-03-01T05:52:40+00:00 CRITICAL Uncaught Error: Call to undefined method TB_Advanced_Products_Module::get_expand() in /opt/bitnami/apps/wordpress/htdocs/wp-content/plugins/themify-builder-pro/modules/module-advanced-products.php:39
Stack trace:
#0 /opt/bitnami/apps/wordpress/htdocs/wp-content/themes/themify-ultra/themify/themify-builder/classes/class-themify-builder-model.php(1514): TB_Advanced_Products_Module->get_styling()
#1 /opt/bitnami/apps/wordpress/htdocs/wp-content/themes/themify-ultra/themify/themify-builder/classes/class-themify-builder-model.php(801): Themify_Builder_Model::get_styling_options()
#2 /opt/bitnami/apps/wordpress/htdocs/wp-content/themes/themify-ultra/themify/themify-builder/classes/class-themify-builder.php(635): Themify_Builder_Model::get_modules_localize_settings()
#3 /opt/bitnami/apps/wordpress/htdocs/wp-includes/class-wp-hook.php(287): Themify_Builder->load_admin_interface()
#4 /opt/bitnami/apps/wordpress/htdocs/wp-includes/class-wp-hook.php(311): WP_Hook->apply_filters()
#5 /opt/bitnami/apps/wordpress/htdocs/wp in /opt/bitnami/apps/wordpress/htdocs/wp-content/plugins/themify-builder-pro/modules/module-advanced-products.php on line 39

2021-03-01T05:52:43+00:00 CRITICAL Uncaught Error: Call to undefined method TB_Advanced_Products_Module::get_expand() in /opt/bitnami/apps/wordpress/htdocs/wp-content/plugins/themify-builder-pro/modules/module-advanced-products.php:39
Stack trace:
#0 /opt/bitnami/apps/wordpress/htdocs/wp-content/themes/themify-ultra/themify/themify-builder/classes/class-themify-builder-model.php(1514): TB_Advanced_Products_Module->get_styling()
#1 /opt/bitnami/apps/wordpress/htdocs/wp-content/themes/themify-ultra/themify/themify-builder/classes/class-themify-builder-model.php(801): Themify_Builder_Model::get_styling_options()
#2 /opt/bitnami/apps/wordpress/htdocs/wp-content/themes/themify-ultra/themify/themify-builder/classes/class-themify-builder.php(635): Themify_Builder_Model::get_modules_localize_settings()
#3 /opt/bitnami/apps/wordpress/htdocs/wp-includes/class-wp-hook.php(287): Themify_Builder->load_admin_interface()
#4 /opt/bitnami/apps/wordpress/htdocs/wp-includes/class-wp-hook.php(311): WP_Hook->apply_filters()
#5 /opt/bitnami/apps/wordpress/htdocs/wp in /opt/bitnami/apps/wordpress/htdocs/wp-content/plugins/themify-builder-pro/modules/module-advanced-products.php on line 39

2021-03-01T05:53:36+00:00 CRITICAL Uncaught Error: Call to undefined method TB_Advanced_Products_Module::get_expand() in /opt/bitnami/apps/wordpress/htdocs/wp-content/plugins/themify-builder-pro/modules/module-advanced-products.php:39
Stack trace:
#0 /opt/bitnami/apps/wordpress/htdocs/wp-content/themes/themify-ultra/themify/themify-builder/classes/class-themify-builder-model.php(1514): TB_Advanced_Products_Module->get_styling()
#1 /opt/bitnami/apps/wordpress/htdocs/wp-content/themes/themify-ultra/themify/themify-builder/classes/class-themify-builder-model.php(801): Themify_Builder_Model::get_styling_options()
#2 /opt/bitnami/apps/wordpress/htdocs/wp-content/themes/themify-ultra/themify/themify-builder/classes/class-themify-builder.php(635): Themify_Builder_Model::get_modules_localize_settings()
#3 /opt/bitnami/apps/wordpress/htdocs/wp-includes/class-wp-hook.php(287): Themify_Builder->load_admin_interface()
#4 /opt/bitnami/apps/wordpress/htdocs/wp-includes/class-wp-hook.php(311): WP_Hook->apply_filters()
#5 /opt/bitnami/apps/wordpress/htdocs/wp in /opt/bitnami/apps/wordpress/htdocs/wp-content/plugins/themify-builder-pro/modules/module-advanced-products.php on line 39

2021-03-01T05:57:08+00:00 CRITICAL Uncaught Error: Call to undefined method TB_Advanced_Products_Module::get_expand() in /opt/bitnami/apps/wordpress/htdocs/wp-content/plugins/themify-builder-pro/modules/module-advanced-products.php:39
Stack trace:
#0 /opt/bitnami/apps/wordpress/htdocs/wp-content/themes/themify-ultra/themify/themify-builder/classes/class-themify-builder-model.php(1514): TB_Advanced_Products_Module->get_styling()
#1 /opt/bitnami/apps/wordpress/htdocs/wp-content/themes/themify-ultra/themify/themify-builder/classes/class-themify-builder-model.php(801): Themify_Builder_Model::get_styling_options()
#2 /opt/bitnami/apps/wordpress/htdocs/wp-content/themes/themify-ultra/themify/themify-builder/classes/class-themify-builder.php(635): Themify_Builder_Model::get_modules_localize_settings()
#3 /opt/bitnami/apps/wordpress/htdocs/wp-includes/class-wp-hook.php(287): Themify_Builder->load_admin_interface()
#4 /opt/bitnami/apps/wordpress/htdocs/wp-includes/class-wp-hook.php(311): WP_Hook->apply_filters()
#5 /opt/bitnami/apps/wordpress/htdocs/wp in /opt/bitnami/apps/wordpress/htdocs/wp-content/plugins/themify-builder-pro/modules/module-advanced-products.php on line 39

2021-03-01T05:58:20+00:00 CRITICAL Uncaught Error: Call to undefined method TB_Advanced_Products_Module::get_expand() in /opt/bitnami/apps/wordpress/htdocs/wp-content/plugins/themify-builder-pro/modules/module-advanced-products.php:39
Stack trace:
#0 /opt/bitnami/apps/wordpress/htdocs/wp-content/themes/themify-ultra/themify/themify-builder/classes/class-themify-builder-model.php(1514): TB_Advanced_Products_Module->get_styling()
#1 /opt/bitnami/apps/wordpress/htdocs/wp-content/themes/themify-ultra/themify/themify-builder/classes/class-themify-builder-model.php(801): Themify_Builder_Model::get_styling_options()
#2 /opt/bitnami/apps/wordpress/htdocs/wp-content/themes/themify-ultra/themify/themify-builder/classes/class-themify-builder.php(635): Themify_Builder_Model::get_modules_localize_settings()
#3 /opt/bitnami/apps/wordpress/htdocs/wp-includes/class-wp-hook.php(287): Themify_Builder->load_admin_interface()
#4 /opt/bitnami/apps/wordpress/htdocs/wp-includes/class-wp-hook.php(311): WP_Hook->apply_filters()
#5 /opt/bitnami/apps/wordpress/htdocs/wp in /opt/bitnami/apps/wordpress/htdocs/wp-content/plugins/themify-builder-pro/modules/module-advanced-products.php on line 39

2021-03-01T05:58:56+00:00 CRITICAL Uncaught Error: Call to undefined method TB_Advanced_Products_Module::get_expand() in /opt/bitnami/apps/wordpress/htdocs/wp-content/plugins/themify-builder-pro/modules/module-advanced-products.php:39
Stack trace:
#0 /opt/bitnami/apps/wordpress/htdocs/wp-content/themes/themify-ultra/themify/themify-builder/classes/class-themify-builder-model.php(1514): TB_Advanced_Products_Module->get_styling()
#1 /opt/bitnami/apps/wordpress/htdocs/wp-content/themes/themify-ultra/themify/themify-builder/classes/class-themify-builder-model.php(801): Themify_Builder_Model::get_styling_options()
#2 /opt/bitnami/apps/wordpress/htdocs/wp-content/themes/themify-ultra/themify/themify-builder/classes/class-themify-builder.php(635): Themify_Builder_Model::get_modules_localize_settings()
#3 /opt/bitnami/apps/wordpress/htdocs/wp-includes/class-wp-hook.php(287): Themify_Builder->load_admin_interface()
#4 /opt/bitnami/apps/wordpress/htdocs/wp-includes/class-wp-hook.php(311): WP_Hook->apply_filters()
#5 /opt/bitnami/apps/wordpress/htdocs/wp in /opt/bitnami/apps/wordpress/htdocs/wp-content/plugins/themify-builder-pro/modules/module-advanced-products.php on line 39

2021-03-01T05:59:48+00:00 CRITICAL Uncaught Error: Call to undefined method TB_Advanced_Products_Module::get_expand() in /opt/bitnami/apps/wordpress/htdocs/wp-content/plugins/themify-builder-pro/modules/module-advanced-products.php:39
Stack trace:
#0 /opt/bitnami/apps/wordpress/htdocs/wp-content/themes/themify-ultra/themify/themify-builder/classes/class-themify-builder-model.php(1514): TB_Advanced_Products_Module->get_styling()
#1 /opt/bitnami/apps/wordpress/htdocs/wp-content/themes/themify-ultra/themify/themify-builder/classes/class-themify-builder-model.php(801): Themify_Builder_Model::get_styling_options()
#2 /opt/bitnami/apps/wordpress/htdocs/wp-content/themes/themify-ultra/themify/themify-builder/classes/class-themify-builder.php(635): Themify_Builder_Model::get_modules_localize_settings()
#3 /opt/bitnami/apps/wordpress/htdocs/wp-includes/class-wp-hook.php(287): Themify_Builder->load_admin_interface()
#4 /opt/bitnami/apps/wordpress/htdocs/wp-includes/class-wp-hook.php(311): WP_Hook->apply_filters()
#5 /opt/bitnami/apps/wordpress/htdocs/wp in /opt/bitnami/apps/wordpress/htdocs/wp-content/plugins/themify-builder-pro/modules/module-advanced-products.php on line 39

2021-03-01T06:00:06+00:00 CRITICAL Uncaught Error: Call to undefined method TB_Advanced_Products_Module::get_expand() in /opt/bitnami/apps/wordpress/htdocs/wp-content/plugins/themify-builder-pro/modules/module-advanced-products.php:39
Stack trace:
#0 /opt/bitnami/apps/wordpress/htdocs/wp-content/themes/themify-ultra/themify/themify-builder/classes/class-themify-builder-model.php(1514): TB_Advanced_Products_Module->get_styling()
#1 /opt/bitnami/apps/wordpress/htdocs/wp-content/themes/themify-ultra/themify/themify-builder/classes/class-themify-builder-model.php(801): Themify_Builder_Model::get_styling_options()
#2 /opt/bitnami/apps/wordpress/htdocs/wp-content/themes/themify-ultra/themify/themify-builder/classes/class-themify-builder.php(635): Themify_Builder_Model::get_modules_localize_settings()
#3 /opt/bitnami/apps/wordpress/htdocs/wp-includes/class-wp-hook.php(287): Themify_Builder->load_admin_interface()
#4 /opt/bitnami/apps/wordpress/htdocs/wp-includes/class-wp-hook.php(311): WP_Hook->apply_filters()
#5 /opt/bitnami/apps/wordpress/htdocs/wp in /opt/bitnami/apps/wordpress/htdocs/wp-content/plugins/themify-builder-pro/modules/module-advanced-products.php on line 39

